  [1m[35m (297.9ms)[0m  [1m[35mCREATE DATABASE "first_routes_development" ENCODING = 'unicode'[0m
  [1m[35m (272.7ms)[0m  [1m[35mCREATE DATABASE "first_routes_test" ENCODING = 'unicode'[0m
Started GET "/users" for ::1 at 2023-03-08 15:12:58 -0800

AbstractController::ActionNotFound - The action 'index' could not be found for UsersController:

Started GET "/users" for ::1 at 2023-03-08 15:15:13 -0800
Processing by UsersController#index as */*
No template found for UsersController#index, rendering head :no_content
Completed 204 No Content in 1ms (ActiveRecord: 0.0ms | Allocations: 274)


Started GET "/users" for ::1 at 2023-03-08 15:16:09 -0800
Processing by UsersController#index as HTML
Completed 406 Not Acceptable in 5ms (ActiveRecord: 0.0ms | Allocations: 705)



ActionController::MissingExactTemplate - UsersController#index is missing a template for request formats: text/html:

Started POST "/__better_errors/ab01197b20e013b5/variables" for ::1 at 2023-03-08 15:16:09 -0800
Started GET "/users" for ::1 at 2023-03-08 15:18:21 -0800
Processing by UsersController#index as HTML
  Rendering text template
  Rendered text template (Duration: 0.0ms | Allocations: 13)
Completed 200 OK in 12ms (Views: 11.0ms | ActiveRecord: 0.0ms | Allocations: 1314)


Started GET "/users" for ::1 at 2023-03-08 15:18:39 -0800
Processing by UsersController#index as */*
  Rendering text template
  Rendered text template (Duration: 0.0ms | Allocations: 5)
Completed 200 OK in 1ms (Views: 0.6ms | ActiveRecord: 0.0ms | Allocations: 169)


Started GET "/users?fav_food=pizze" for ::1 at 2023-03-08 15:20:34 -0800
Processing by UsersController#index as */*
  Parameters: {"fav_food"=>"pizze"}
  Rendering text template
  Rendered text template (Duration: 0.0ms | Allocations: 4)
Completed 200 OK in 0ms (Views: 0.3ms | ActiveRecord: 0.0ms | Allocations: 147)


Started GET "/users?fav_food=pizza" for ::1 at 2023-03-08 15:20:47 -0800
Processing by UsersController#index as */*
  Parameters: {"fav_food"=>"pizza"}
  Rendering text template
  Rendered text template (Duration: 0.0ms | Allocations: 5)
Completed 200 OK in 1ms (Views: 0.8ms | ActiveRecord: 0.0ms | Allocations: 148)


Started GET "/users" for ::1 at 2023-03-08 15:21:10 -0800
Processing by UsersController#index as HTML
  Rendering text template
  Rendered text template (Duration: 0.0ms | Allocations: 5)
Completed 200 OK in 0ms (Views: 0.3ms | ActiveRecord: 0.0ms | Allocations: 144)


Started POST "/users" for ::1 at 2023-03-08 15:23:32 -0800

AbstractController::ActionNotFound - The action 'create' could not be found for UsersController:

Started POST "/users" for ::1 at 2023-03-08 15:24:22 -0800
Processing by UsersController#create as */*
  Parameters: {"fav_food"=>"pizza"}
Completed 200 OK in 91ms (Views: 90.3ms | Allocations: 242)


Started GET "/users/2" for ::1 at 2023-03-08 15:28:56 -0800

AbstractController::ActionNotFound - The action 'show' could not be found for UsersController:

Started GET "/users/2" for ::1 at 2023-03-08 15:29:47 -0800
Processing by UsersController#show as */*
  Parameters: {"id"=>"2"}
Completed 200 OK in 0ms (Views: 0.3ms | Allocations: 203)


Started POST "/users/2" for ::1 at 2023-03-08 15:32:13 -0800
  
ActionController::RoutingError (No route matches [POST] "/users/2"):
  
Started POST "/users?some_category[a_key]=[FILTERED]&some_category[a_second_key]=[FILTERED]&some_category[inner_inner_hash][key]=value&something_else=aaahhhhh" for ::1 at 2023-03-08 15:43:27 -0800
Processing by UsersController#create as */*
  Parameters: {"some_category"=>{"a_key"=>"[FILTERED]", "a_second_key"=>"[FILTERED]", "inner_inner_hash"=>{"key"=>"value"}}, "something_else"=>"aaahhhhh"}
Completed 200 OK in 2ms (Views: 1.5ms | Allocations: 192)


